2014/05/19 15:08:17 Starting up ...
2014/05/19 15:08:17 [main] Launching main event loop
2014/05/19 15:08:21 [IsConnectedGetHandler] called
2014/05/19 15:08:21 [IsConnectedGetHandler] connected result: %!s(bool=false)
2014/05/19 15:08:21 [IsConnectedGetHandler] vars: map[p:1 q:2]
2014/05/19 15:08:35 [IsConnectedGetHandler] called
2014/05/19 15:08:35 [IsConnectedGetHandler] connected result: %!s(bool=false)
2014/05/19 15:08:35 [IsConnectedGetHandler] vars: map[p:1 q:2]
2014/05/19 15:09:17 [ObjectPostHandler] called
2014/05/19 15:09:17 [ObjectPostHandler] sending pair on channel ...
2014/05/19 15:09:17 [ObjectPostHandler] sent pair on channel
2014/05/19 15:09:17 [ObjectPostHandler] finished
2014/05/19 15:09:17 [union] called
2014/05/19 15:09:17 [union] finished
2014/05/19 15:09:35 [ObjectPostHandler] called
2014/05/19 15:09:35 [ObjectPostHandler] sending pair on channel ...
2014/05/19 15:09:35 [ObjectPostHandler] sent pair on channel
2014/05/19 15:09:35 [ObjectPostHandler] finished
2014/05/19 15:09:35 [union] called
2014/05/19 15:09:51 [IsConnectedGetHandler] called
2014/05/19 15:09:51 [IsConnectedGetHandler] connected result: %!s(bool=true)
2014/05/19 15:09:51 [IsConnectedGetHandler] vars: map[p:1 q:3]
2014/05/19 15:09:57 [IsConnectedGetHandler] called
2014/05/19 15:09:57 [IsConnectedGetHandler] connected result: %!s(bool=false)
2014/05/19 15:09:57 [IsConnectedGetHandler] vars: map[p:1 q:7]
